Android-Demo-App/build/intermediates/manifest_merge_blame_file/appDebug/manifest-merger-blame-app-debug-report.txt
1<?xml version="1.0" encoding="utf-8"?>
2<manifest xmlns:android="http://schemas.android.com/apk/res/android"
3    package="com.applovin.apps.demoapp"
4    android:versionCode="10000"
5    android:versionName="1.0.0" >
6
7    <uses-sdk
8        android:minSdkVersion="16"
8-->src/main/AndroidManifest.xml
9        android:targetSdkVersion="29" />
9-->src/main/AndroidManifest.xml
10
11    <uses-permission android:name="android.permission.INTERNET" />
11-->[com.applovin:applovin-sdk:9.11.6] AndroidManifest.xml:11:5-67
11-->[com.applovin:applovin-sdk:9.11.6] AndroidManifest.xml:11:22-64
12    <uses-permission android:name="android.permission.ACCESS_NETWORK_STATE" />
12-->[com.applovin:applovin-sdk:9.11.6] AndroidManifest.xml:12:5-79
12-->[com.applovin:applovin-sdk:9.11.6] AndroidManifest.xml:12:22-76
13
14    <application
14-->src/main/AndroidManifest.xml:5:5-93:19
15        android:name="androidx.multidex.MultiDexApplication"
15-->src/main/AndroidManifest.xml:6:9-61
16        android:allowBackup="true"
16-->src/main/AndroidManifest.xml:7:9-35
17        android:appComponentFactory="androidx.core.app.CoreComponentFactory"
17-->[androidx.core:core:1.1.0] AndroidManifest.xml:24:18-86
18        android:debuggable="true"
19        android:icon="@mipmap/ic_launcher"
19-->src/main/AndroidManifest.xml:8:9-43
20        android:label="@string/app_name"
20-->src/main/AndroidManifest.xml:9:9-41
21        android:testOnly="true"
22        android:theme="@style/AppTheme" >
22-->src/main/AndroidManifest.xml:10:9-40
23
24        <!-- AppLovin SDK Key -->
25        <meta-data
25-->src/main/AndroidManifest.xml:13:9-15:118
26            android:name="applovin.sdk.key"
26-->src/main/AndroidManifest.xml:14:13-44
27            android:value="2TlxzPBFwkGugu8TEeN9CReETQCSOWZ_5xVi3bqKKPB8IMtrT-auw85s5yzkn0FbFTldHgZzybR8h16ezHaPFc" />
27-->src/main/AndroidManifest.xml:15:13-115
28
29        <!-- DEMO APP ACTIVITIES -->
30        <activity
30-->src/main/AndroidManifest.xml:18:9-25:20
31            android:name="com.applovin.apps.demoapp.SplashActivity"
31-->src/main/AndroidManifest.xml:19:13-43
32            android:label="@string/app_name" >
32-->src/main/AndroidManifest.xml:20:13-45
33            <intent-filter>
33-->src/main/AndroidManifest.xml:21:13-24:29
34                <action android:name="android.intent.action.MAIN" />
34-->src/main/AndroidManifest.xml:22:17-69
34-->src/main/AndroidManifest.xml:22:25-66
35
36                <category android:name="android.intent.category.LAUNCHER" />
36-->src/main/AndroidManifest.xml:23:17-77
36-->src/main/AndroidManifest.xml:23:27-74
37            </intent-filter>
38        </activity>
39        <activity
39-->src/main/AndroidManifest.xml:26:9-28:48
40            android:name="com.applovin.apps.demoapp.MainActivity"
40-->src/main/AndroidManifest.xml:27:13-41
41            android:label="@string/app_name" />
41-->src/main/AndroidManifest.xml:28:13-45
42        <activity
42-->src/main/AndroidManifest.xml:29:9-31:72
43            android:name="com.applovin.apps.demoapp.interstitials.InterstitialDemoMenuActivity"
43-->src/main/AndroidManifest.xml:30:13-71
44            android:label="@string/title_activity_interstitial_list" />
44-->src/main/AndroidManifest.xml:31:13-69
45        <activity
45-->src/main/AndroidManifest.xml:32:9-34:85
46            android:name="com.applovin.apps.demoapp.interstitials.InterstitialBasicIntegrationActivity"
46-->src/main/AndroidManifest.xml:33:13-79
47            android:label="@string/title_activity_interstitial_basic_integration" />
47-->src/main/AndroidManifest.xml:34:13-82
48        <activity
48-->src/main/AndroidManifest.xml:35:9-37:82
49            android:name="com.applovin.apps.demoapp.interstitials.InterstitialManualLoadingActivity"
49-->src/main/AndroidManifest.xml:36:13-76
50            android:label="@string/title_activity_interstitial_manual_loading" />
50-->src/main/AndroidManifest.xml:37:13-79
51        <activity
51-->src/main/AndroidManifest.xml:38:9-40:84
52            android:name="com.applovin.apps.demoapp.interstitials.InterstitialZoneActivity"
52-->src/main/AndroidManifest.xml:39:13-67
53            android:label="@string/title_activity_interstitial_zone_integration" />
53-->src/main/AndroidManifest.xml:40:13-81
54        <activity
54-->src/main/AndroidManifest.xml:41:9-43:75
55            android:name="com.applovin.apps.demoapp.rewarded.RewardedVideosDemoMenuActivity"
55-->src/main/AndroidManifest.xml:42:13-68
56            android:label="@string/title_activity_rewarded_videos_list" />
56-->src/main/AndroidManifest.xml:43:13-72
57        <activity
57-->src/main/AndroidManifest.xml:44:9-46:88
58            android:name="com.applovin.apps.demoapp.rewarded.RewardedVideosActivity"
58-->src/main/AndroidManifest.xml:45:13-60
59            android:label="@string/title_activity_rewarded_videos_basic_integration" />
59-->src/main/AndroidManifest.xml:46:13-85
60        <activity
60-->src/main/AndroidManifest.xml:47:9-49:87
61            android:name="com.applovin.apps.demoapp.rewarded.RewardedVideosZoneActivity"
61-->src/main/AndroidManifest.xml:48:13-64
62            android:label="@string/title_activity_rewarded_videos_zone_integration" />
62-->src/main/AndroidManifest.xml:49:13-84
63        <activity
63-->src/main/AndroidManifest.xml:50:9-52:69
64            android:name="com.applovin.apps.demoapp.nativeads.NativeAdDemoMenuActivity"
64-->src/main/AndroidManifest.xml:51:13-63
65            android:label="@string/title_activity_native_ad_list" />
65-->src/main/AndroidManifest.xml:52:13-66
66        <activity
66-->src/main/AndroidManifest.xml:53:9-56:52
67            android:name="com.applovin.apps.demoapp.nativeads.NativeAdCarouselUIActivity"
67-->src/main/AndroidManifest.xml:54:13-65
68            android:label="@string/title_activity_native_ad_carousel_ui"
68-->src/main/AndroidManifest.xml:55:13-73
69            android:screenOrientation="portrait" />
69-->src/main/AndroidManifest.xml:56:13-49
70        <activity
70-->src/main/AndroidManifest.xml:57:9-59:78
71            android:name="com.applovin.apps.demoapp.nativeads.NativeAdRecyclerViewActivity"
71-->src/main/AndroidManifest.xml:58:13-67
72            android:label="@string/title_activity_native_ad_recycler_view" />
72-->src/main/AndroidManifest.xml:59:13-75
73        <activity
73-->src/main/AndroidManifest.xml:60:9-62:66
74            android:name="com.applovin.apps.demoapp.banners.BannerDemoMenuActivity"
74-->src/main/AndroidManifest.xml:61:13-59
75            android:label="@string/title_activity_banner_list" />
75-->src/main/AndroidManifest.xml:62:13-63
76        <activity
76-->src/main/AndroidManifest.xml:63:9-65:74
77            android:name="com.applovin.apps.demoapp.banners.BannerProgrammaticActivity"
77-->src/main/AndroidManifest.xml:64:13-63
78            android:label="@string/title_activity_banner_programmatic" />
78-->src/main/AndroidManifest.xml:65:13-71
79        <activity
79-->src/main/AndroidManifest.xml:66:9-68:75
80            android:name="com.applovin.apps.demoapp.banners.BannerLayoutEditorActivity"
80-->src/main/AndroidManifest.xml:67:13-63
81            android:label="@string/title_activity_banner_layout_editor" />
81-->src/main/AndroidManifest.xml:68:13-72
82        <activity
82-->src/main/AndroidManifest.xml:69:9-71:78
83            android:name="com.applovin.apps.demoapp.banners.BannerZoneActivity"
83-->src/main/AndroidManifest.xml:70:13-55
84            android:label="@string/title_activity_banner_zone_integration" />
84-->src/main/AndroidManifest.xml:71:13-75
85        <activity
85-->src/main/AndroidManifest.xml:72:9-74:64
86            android:name="com.applovin.apps.demoapp.mrecs.MRecDemoMenuActivity"
86-->src/main/AndroidManifest.xml:73:13-55
87            android:label="@string/title_activity_mrec_list" />
87-->src/main/AndroidManifest.xml:74:13-61
88        <activity
88-->src/main/AndroidManifest.xml:75:9-77:72
89            android:name="com.applovin.apps.demoapp.mrecs.MRecProgrammaticActivity"
89-->src/main/AndroidManifest.xml:76:13-59
90            android:label="@string/title_activity_mrec_programmatic" />
90-->src/main/AndroidManifest.xml:77:13-69
91        <activity
91-->src/main/AndroidManifest.xml:78:9-80:73
92            android:name="com.applovin.apps.demoapp.mrecs.MRecLayoutEditorActivity"
92-->src/main/AndroidManifest.xml:79:13-59
93            android:label="@string/title_activity_mrec_layout_editor" />
93-->src/main/AndroidManifest.xml:80:13-70
94        <activity
94-->src/main/AndroidManifest.xml:81:9-83:66
95            android:name="com.applovin.apps.demoapp.leaders.LeaderDemoMenuActivity"
95-->src/main/AndroidManifest.xml:82:13-59
96            android:label="@string/title_activity_leader_list" />
96-->src/main/AndroidManifest.xml:83:13-63
97        <activity
97-->src/main/AndroidManifest.xml:84:9-86:74
98            android:name="com.applovin.apps.demoapp.leaders.LeaderProgrammaticActivity"
98-->src/main/AndroidManifest.xml:85:13-63
99            android:label="@string/title_activity_leader_programmatic" />
99-->src/main/AndroidManifest.xml:86:13-71
100        <activity
100-->src/main/AndroidManifest.xml:87:9-89:75
101            android:name="com.applovin.apps.demoapp.leaders.LeaderLayoutEditorActivity"
101-->src/main/AndroidManifest.xml:88:13-63
102            android:label="@string/title_activity_leader_layout_editor" />
102-->src/main/AndroidManifest.xml:89:13-72
103        <activity
103-->src/main/AndroidManifest.xml:90:9-92:69
104            android:name="com.applovin.apps.demoapp.eventtracking.EventTrackingActivity"
104-->src/main/AndroidManifest.xml:91:13-64
105            android:label="@string/title_activity_event_tracking" />
105-->src/main/AndroidManifest.xml:92:13-66
106        <activity
106-->[com.applovin:applovin-sdk:9.11.6] AndroidManifest.xml:15:9-19:50
107            android:name="com.applovin.adview.AppLovinInterstitialActivity"
107-->[com.applovin:applovin-sdk:9.11.6] AndroidManifest.xml:16:13-76
108            android:configChanges="orientation|screenSize|smallestScreenSize|screenLayout"
108-->[com.applovin:applovin-sdk:9.11.6] AndroidManifest.xml:17:13-91
109            android:hardwareAccelerated="true"
109-->[com.applovin:applovin-sdk:9.11.6] AndroidManifest.xml:18:13-47
110            android:screenOrientation="behind" />
110-->[com.applovin:applovin-sdk:9.11.6] AndroidManifest.xml:19:13-47
111        <activity
111-->[com.applovin:applovin-sdk:9.11.6] AndroidManifest.xml:20:9-22:77
112            android:name="com.applovin.sdk.AppLovinWebViewActivity"
112-->[com.applovin:applovin-sdk:9.11.6] AndroidManifest.xml:21:13-68
113            android:configChanges="keyboardHidden|orientation|screenSize" />
113-->[com.applovin:applovin-sdk:9.11.6] AndroidManifest.xml:22:13-74
114        <activity
114-->[com.applovin:applovin-sdk:9.11.6] AndroidManifest.xml:23:9-26:87
115            android:name="com.applovin.mediation.MaxDebuggerActivity"
115-->[com.applovin:applovin-sdk:9.11.6] AndroidManifest.xml:24:13-70
116            android:configChanges="keyboardHidden|orientation|screenSize"
116-->[com.applovin:applovin-sdk:9.11.6] AndroidManifest.xml:25:13-74
117            android:theme="@style/com.applovin.mediation.MaxDebuggerActivity.Theme" />
117-->[com.applovin:applovin-sdk:9.11.6] AndroidManifest.xml:26:13-84
118        <activity
118-->[com.applovin:applovin-sdk:9.11.6] AndroidManifest.xml:27:9-30:87
119            android:name="com.applovin.mediation.MaxDebuggerDetailActivity"
119-->[com.applovin:applovin-sdk:9.11.6] AndroidManifest.xml:28:13-76
120            android:configChanges="keyboardHidden|orientation|screenSize"
120-->[com.applovin:applovin-sdk:9.11.6] AndroidManifest.xml:29:13-74
121            android:theme="@style/com.applovin.mediation.MaxDebuggerActivity.Theme" />
121-->[com.applovin:applovin-sdk:9.11.6] AndroidManifest.xml:30:13-84
122
123        <service
123-->[com.applovin:applovin-sdk:9.11.6] AndroidManifest.xml:32:9-35:44
124            android:name="com.applovin.impl.sdk.utils.AppKilledService"
124-->[com.applovin:applovin-sdk:9.11.6] AndroidManifest.xml:33:13-72
125            android:exported="false"
125-->[com.applovin:applovin-sdk:9.11.6] AndroidManifest.xml:34:13-37
126            android:stopWithTask="false" />
126-->[com.applovin:applovin-sdk:9.11.6] AndroidManifest.xml:35:13-41
127
128        <meta-data
128-->[com.google.android.gms:play-services-basement:16.0.1] AndroidManifest.xml:23:9-25:69
129            android:name="com.google.android.gms.version"
129-->[com.google.android.gms:play-services-basement:16.0.1] AndroidManifest.xml:24:13-58
130            android:value="@integer/google_play_services_version" />
130-->[com.google.android.gms:play-services-basement:16.0.1] AndroidManifest.xml:25:13-66
131    </application>
132
133</manifest>